rm: cannot remove 'data/mH0_0.01': No such file or directory
rm: cannot remove 'data/mH0_0.05': No such file or directory
J1 = 1
J2 = 0
K1 = 1
K2 = 0
K3 = 0.01
S = 1
J1 = 1
J2 = 0
K1 = 1
K2 = 0
K3 = 0.01
S = 1
Expected completion time: 288 minutes.
J1 = 1
J2 = 0
K1 = 1
K2 = 0
K3 = 0.05
S = 1
J1 = 1
J2 = 0
K1 = 1
K2 = 0
K3 = 0.05
S = 1
rm: cannot remove 'data/mH0_0.1': No such file or directory
Expected completion time: 288 minutes.
rm: cannot remove 'data/mH0_0.2': No such file or directory
J1 = 1
J2 = 0
K1 = 1
K2 = 0
K3 = 0.1
S = 1
J1 = 1
J2 = 0
K1 = 1
K2 = 0
K3 = 0.1
S = 1
Expected completion time: 288 minutes.
rm: cannot remove 'data/mH0_0.4': No such file or directory
J1 = 1
J2 = 0
K1 = 1
K2 = 0
K3 = 0.2
S = 1
J1 = 1
J2 = 0
K1 = 1
K2 = 0
K3 = 0.2
S = 1
Expected completion time: 288 minutes.
J1 = 1
J2 = 0
K1 = 1
K2 = 0
K3 = 0.4
S = 1
J1 = 1
J2 = 0
K1 = 1
K2 = 0
K3 = 0.4
S = 1
rm: cannot remove 'data/mH0_0.6': No such file or directory
Expected completion time: 288 minutes.
rm: cannot remove 'data/mH0_0.8': No such file or directory
J1 = 1
J2 = 0
K1 = 1
K2 = 0
K3 = 0.6
S = 1
J1 = 1
J2 = 0
K1 = 1
K2 = 0
K3 = 0.6
S = 1
Expected completion time: 288 minutes.
J1 = 1
J2 = 0
K1 = 1
K2 = 0
K3 = 0.8
S = 1
J1 = 1
J2 = 0
K1 = 1
K2 = 0
K3 = 0.8
S = 1
rm: cannot remove 'data/mH0_1.0': No such file or directory
Expected completion time: 288 minutes.
J1 = 1
J2 = 0
K1 = 1
K2 = 0
K3 = 1
S = 1
J1 = 1
J2 = 0
K1 = 1
K2 = 0
K3 = 1
S = 1
Expected completion time: 288 minutes.
Actual completion time: 412.986 minutes.
Actual completion time: 413.034 minutes.
Actual completion time: 414.362 minutes.
Actual completion time: 414.952 minutes.
Actual completion time: 416.107 minutes.
Actual completion time: 416.526 minutes.
Actual completion time: 416.973 minutes.
Actual completion time: 417.199 minutes.
